[2024-06-14 05:44:45.861] [info]  Running version 9.2.0
[2024-06-14 05:44:45.886] [error] [electron client protocol] FAILED to set default protocol 'insomnia://'
[2024-06-14 05:44:45.906] [info]  [electron client protocol] the current executable is not the default protocol for 'insomnia://'
[2024-06-14 05:44:45.932] [info]  [electron client protocol] the default application set for 'insomnia://' is 'insomnia.desktop
'
[2024-06-14 05:44:46.112] [info]  [fix] Running database repairs
[2024-06-14 05:44:46.202] [info]  [db] Initialized DB at /home/Kathy/.config/Insomnia/insomnia.$TYPE.db
[2024-06-14 05:44:46.203] [info]  [db] Init responses DB
[2024-06-14 05:44:46.203] [info]  [db] Init websocket-responses DB
[2024-06-14 05:44:46.205] [info]  [localstorage] Initialized at /home/Kathy/.config/Insomnia/localStorage
[2024-06-14 05:44:46.261] [info]  [main] Loading file:///opt/insomnia/resources/app.asar/index.html
[2024-06-14 05:44:46.273] [info]  [main] Registering the hidden window restarting handler
[2024-06-14 05:44:46.274] [info]  [updater] Not supported on this platform linux
[2024-06-14 05:44:48.803] [info]  [main] Window ready, handling command line arguments [ '/opt/insomnia/insomnia' ]
[2024-06-14 05:44:48.805] [info]  [main] Check args and create windows []
[2024-06-14 05:44:48.806] [info]  [main] Checking for newer version than  9.2.0
[2024-06-14 05:44:48.913] [info]  [main] Found newer version
[2024-06-14 05:44:48.915] [info]  Backup found at: /home/Kathy/.config/Insomnia/backups/9.2.0
[2024-06-14 05:44:54.493] [info]  [response] Delete body /home/Kathy/.config/Insomnia/responses/4d53c9ca-d14b-4036-bd19-6d3da00b3427.response
[2024-06-14 05:44:54.493] [info]  [response] Delete timeline /home/Kathy/.config/Insomnia/responses/res_acefc2c587ab45aeb7b5b6fa199bc27e.timeline
