[2024-06-14 05:44:47.083] [info]  [db] Initialized DB client
[2024-06-14 05:44:47.111] [info]  [plugin] Loading 
[2024-06-14 05:44:47.974] [info]  Fetching projects for team org_1a134ce3-fd8d-4090-8a3e-f9f811dc5c1c
[2024-06-14 05:44:48.103] [info]  Redirecting to last visited project proj_d07b5ade3f8d4a9c82b77bd7bd75acb7
[2024-06-14 05:44:48.150] [info]  [FileSystemDriver] Initialized in "/home/Kathy/.config/Insomnia/version-control"
[2024-06-14 05:44:50.500] [info]  [sync] Activated project prj_107054edcb404b8683f54e9ab17c4d4e
[2024-06-14 05:44:50.501] [info]  [FileSystemDriver] Writing to /projects/prj_107054edcb404b8683f54e9ab17c4d4e/meta.json
[2024-06-14 05:44:50.501] [info]  [FileSystemDriver] Writing to /home/Kathy/.config/Insomnia/version-control/projects/prj_107054edcb404b8683f54e9ab17c4d4e/meta.json.8638d4ed-20dc-499f-a049-6c0e9788bd57.tmp then renaming to /home/Kathy/.config/Insomnia/version-control/projects/prj_107054edcb404b8683f54e9ab17c4d4e/meta.json
[2024-06-14 05:44:50.553] [info]  [sync] Activated project prj_107054edcb404b8683f54e9ab17c4d4e
[2024-06-14 05:44:50.554] [info]  [FileSystemDriver] Writing to /projects/prj_107054edcb404b8683f54e9ab17c4d4e/meta.json
[2024-06-14 05:44:50.554] [info]  [FileSystemDriver] Writing to /home/Kathy/.config/Insomnia/version-control/projects/prj_107054edcb404b8683f54e9ab17c4d4e/meta.json.008024e2-ef8f-4efe-a3f0-31c2d29f5024.tmp then renaming to /home/Kathy/.config/Insomnia/version-control/projects/prj_107054edcb404b8683f54e9ab17c4d4e/meta.json
[2024-06-14 05:44:50.950] [info]  [sync] Failed to query branches [
  {
    message: 'invalid access to project',
    locations: [ { line: 3, column: 9 } ],
    path: [ 'branches' ]
  }
]
[2024-06-14 05:44:54.481] [info]  [network] Response succeeded req=req_a32e4b98994141f08523d2a7055da0a7 status=200
[2024-06-14 05:44:54.563] [info]  [sync] Activated project prj_107054edcb404b8683f54e9ab17c4d4e
[2024-06-14 05:44:54.563] [info]  [FileSystemDriver] Writing to /projects/prj_107054edcb404b8683f54e9ab17c4d4e/meta.json
[2024-06-14 05:44:54.563] [info]  [FileSystemDriver] Writing to /home/Kathy/.config/Insomnia/version-control/projects/prj_107054edcb404b8683f54e9ab17c4d4e/meta.json.dcaae2d9-1dc7-4c60-9aac-6b577c556e01.tmp then renaming to /home/Kathy/.config/Insomnia/version-control/projects/prj_107054edcb404b8683f54e9ab17c4d4e/meta.json
[2024-06-14 05:44:54.671] [info]  [sync] Failed to query branches [
  {
    message: 'invalid access to project',
    locations: [ { line: 3, column: 9 } ],
    path: [ 'branches' ]
  }
]
[2024-06-14 05:44:58.747] [info]  [network] Response succeeded req=req_e3e24de282bd4022bf4046609a2a2083 status=200
[2024-06-14 05:44:58.816] [info]  [sync] Activated project prj_107054edcb404b8683f54e9ab17c4d4e
[2024-06-14 05:44:58.816] [info]  [FileSystemDriver] Writing to /projects/prj_107054edcb404b8683f54e9ab17c4d4e/meta.json
[2024-06-14 05:44:58.817] [info]  [FileSystemDriver] Writing to /home/Kathy/.config/Insomnia/version-control/projects/prj_107054edcb404b8683f54e9ab17c4d4e/meta.json.0ac3a22a-2050-4c72-8f90-18fb52abe375.tmp then renaming to /home/Kathy/.config/Insomnia/version-control/projects/prj_107054edcb404b8683f54e9ab17c4d4e/meta.json
[2024-06-14 05:44:58.930] [info]  [sync] Failed to query branches [
  {
    message: 'invalid access to project',
    locations: [ { line: 3, column: 9 } ],
    path: [ 'branches' ]
  }
]
[2024-06-14 05:45:08.797] [info]  [sync] Activated project prj_107054edcb404b8683f54e9ab17c4d4e
[2024-06-14 05:45:08.798] [info]  [FileSystemDriver] Writing to /projects/prj_107054edcb404b8683f54e9ab17c4d4e/meta.json
[2024-06-14 05:45:08.798] [info]  [FileSystemDriver] Writing to /home/Kathy/.config/Insomnia/version-control/projects/prj_107054edcb404b8683f54e9ab17c4d4e/meta.json.3200147b-a234-48e8-8347-4c2afad3560a.tmp then renaming to /home/Kathy/.config/Insomnia/version-control/projects/prj_107054edcb404b8683f54e9ab17c4d4e/meta.json
[2024-06-14 05:45:08.913] [info]  [sync] Failed to query branches [
  {
    message: 'invalid access to project',
    locations: [ { line: 3, column: 9 } ],
    path: [ 'branches' ]
  }
]
[2024-06-14 05:45:13.385] [info]  [network] Response succeeded req=req_0c50503cbd6a4e5fb52896469b7abeb7 status=200
[2024-06-14 05:45:13.451] [info]  [sync] Activated project prj_107054edcb404b8683f54e9ab17c4d4e
[2024-06-14 05:45:13.452] [info]  [FileSystemDriver] Writing to /projects/prj_107054edcb404b8683f54e9ab17c4d4e/meta.json
[2024-06-14 05:45:13.452] [info]  [FileSystemDriver] Writing to /home/Kathy/.config/Insomnia/version-control/projects/prj_107054edcb404b8683f54e9ab17c4d4e/meta.json.a50a51c8-08e3-4f55-a7db-06be882cb237.tmp then renaming to /home/Kathy/.config/Insomnia/version-control/projects/prj_107054edcb404b8683f54e9ab17c4d4e/meta.json
[2024-06-14 05:45:13.564] [info]  [sync] Failed to query branches [
  {
    message: 'invalid access to project',
    locations: [ { line: 3, column: 9 } ],
    path: [ 'branches' ]
  }
]
[2024-06-14 05:45:50.828] [info]  [sync] Failed to query branches [
  {
    message: 'invalid access to project',
    locations: [ { line: 3, column: 9 } ],
    path: [ 'branches' ]
  }
]
[2024-06-14 05:45:50.896] [info]  [sync] Activated project prj_107054edcb404b8683f54e9ab17c4d4e
[2024-06-14 05:45:50.896] [info]  [FileSystemDriver] Writing to /projects/prj_107054edcb404b8683f54e9ab17c4d4e/meta.json
[2024-06-14 05:45:50.897] [info]  [FileSystemDriver] Writing to /home/Kathy/.config/Insomnia/version-control/projects/prj_107054edcb404b8683f54e9ab17c4d4e/meta.json.194fdcc3-8d0a-42a6-ba44-dff56efbba1e.tmp then renaming to /home/Kathy/.config/Insomnia/version-control/projects/prj_107054edcb404b8683f54e9ab17c4d4e/meta.json
[2024-06-14 05:45:51.004] [info]  [sync] Failed to query branches [
  {
    message: 'invalid access to project',
    locations: [ { line: 3, column: 9 } ],
    path: [ 'branches' ]
  }
]
[2024-06-14 05:46:50.846] [info]  [sync] Failed to query branches [
  {
    message: 'invalid access to project',
    locations: [ { line: 3, column: 9 } ],
    path: [ 'branches' ]
  }
]
[2024-06-14 05:46:50.931] [info]  [sync] Activated project prj_107054edcb404b8683f54e9ab17c4d4e
[2024-06-14 05:46:50.932] [info]  [FileSystemDriver] Writing to /projects/prj_107054edcb404b8683f54e9ab17c4d4e/meta.json
[2024-06-14 05:46:50.932] [info]  [FileSystemDriver] Writing to /home/Kathy/.config/Insomnia/version-control/projects/prj_107054edcb404b8683f54e9ab17c4d4e/meta.json.1028684d-6663-4676-b680-c214a6518bbb.tmp then renaming to /home/Kathy/.config/Insomnia/version-control/projects/prj_107054edcb404b8683f54e9ab17c4d4e/meta.json
[2024-06-14 05:46:51.037] [info]  [sync] Failed to query branches [
  {
    message: 'invalid access to project',
    locations: [ { line: 3, column: 9 } ],
    path: [ 'branches' ]
  }
]
[2024-06-14 05:47:50.844] [info]  [sync] Failed to query branches [
  {
    message: 'invalid access to project',
    locations: [ { line: 3, column: 9 } ],
    path: [ 'branches' ]
  }
]
[2024-06-14 05:47:50.941] [info]  [sync] Activated project prj_107054edcb404b8683f54e9ab17c4d4e
[2024-06-14 05:47:50.941] [info]  [FileSystemDriver] Writing to /projects/prj_107054edcb404b8683f54e9ab17c4d4e/meta.json
[2024-06-14 05:47:50.942] [info]  [FileSystemDriver] Writing to /home/Kathy/.config/Insomnia/version-control/projects/prj_107054edcb404b8683f54e9ab17c4d4e/meta.json.a211f609-f55e-42a4-92cf-10434daefd2e.tmp then renaming to /home/Kathy/.config/Insomnia/version-control/projects/prj_107054edcb404b8683f54e9ab17c4d4e/meta.json
[2024-06-14 05:47:51.051] [info]  [sync] Failed to query branches [
  {
    message: 'invalid access to project',
    locations: [ { line: 3, column: 9 } ],
    path: [ 'branches' ]
  }
]
[2024-06-14 05:48:50.845] [info]  [sync] Failed to query branches [
  {
    message: 'invalid access to project',
    locations: [ { line: 3, column: 9 } ],
    path: [ 'branches' ]
  }
]
[2024-06-14 05:48:50.911] [info]  [sync] Activated project prj_107054edcb404b8683f54e9ab17c4d4e
[2024-06-14 05:48:50.911] [info]  [FileSystemDriver] Writing to /projects/prj_107054edcb404b8683f54e9ab17c4d4e/meta.json
[2024-06-14 05:48:50.911] [info]  [FileSystemDriver] Writing to /home/Kathy/.config/Insomnia/version-control/projects/prj_107054edcb404b8683f54e9ab17c4d4e/meta.json.1fda4674-8877-4394-a076-7e34bbe36c58.tmp then renaming to /home/Kathy/.config/Insomnia/version-control/projects/prj_107054edcb404b8683f54e9ab17c4d4e/meta.json
[2024-06-14 05:48:51.016] [info]  [sync] Failed to query branches [
  {
    message: 'invalid access to project',
    locations: [ { line: 3, column: 9 } ],
    path: [ 'branches' ]
  }
]
